<?xml version="1.0" encoding="UTF-8"?>
<!-- Generated by org.testng.reporters.JUnitXMLReporter -->
<testsuite hostname="Orcuns-MacBook-Pro.local" ignored="0" tests="3" failures="0" timestamp="03 Dec 2018 03:40:23 GMT" time="0.03" errors="0">
  <testcase name="LoginTest" time="0.007" classname="AppSkipDependency">
    <skipped/>
  </testcase> <!-- LoginTest -->
  <testcase name="PasswordChangeTest" time="0.0" classname="AppSkipDependency">
    <skipped/>
  </testcase> <!-- PasswordChangeTest -->
  <testcase name="LogoutTest" time="0.0" classname="AppSkipDependency">
    <skipped/>
  </testcase> <!-- LogoutTest -->
</testsuite>
