<?xml version="1.0" encoding="UTF-8"?>
<testng-results skipped="0" failed="0" ignored="0" total="3" passed="3">
  <reporter-output>
  </reporter-output>
  <suite name="Suite" duration-ms="24" started-at="2018-12-04T04:11:45Z" finished-at="2018-12-04T04:11:45Z">
    <groups>
    </groups>
    <test name="Test" duration-ms="24" started-at="2018-12-04T04:11:45Z" finished-at="2018-12-04T04:11:45Z">
      <class name="testcases2.App">
        <test-method status="PASS" signature="LoginTest()[pri:0, instance:testcases2.App@7f9a81e8]" name="LoginTest" duration-ms="6" started-at="2018-12-04T04:11:45Z" finished-at="2018-12-04T04:11:45Z">
          <reporter-output>
          </reporter-output>
        </test-method> <!-- LoginTest -->
        <test-method status="PASS" signature="LogoutTest()[pri:0, instance:testcases2.App@7f9a81e8]" name="LogoutTest" duration-ms="1" started-at="2018-12-04T04:11:45Z" finished-at="2018-12-04T04:11:45Z">
          <reporter-output>
          </reporter-output>
        </test-method> <!-- LogoutTest -->
        <test-method status="PASS" signature="PasswordChangeTest()[pri:0, instance:testcases2.App@7f9a81e8]" name="PasswordChangeTest" duration-ms="1" started-at="2018-12-04T04:11:45Z" finished-at="2018-12-04T04:11:45Z">
          <reporter-output>
          </reporter-output>
        </test-method> <!-- PasswordChangeTest -->
      </class> <!-- testcases2.App -->
    </test> <!-- Test -->
  </suite> <!-- Suite -->
</testng-results>
